This is pdfTeX, Version 3.141592653-2.6-1.40.22 (TeX Live 2022/dev/Debian) (preloaded format=pdflatex 2023.7.25)  6 AUG 2023 14:30
entering extended mode
 restricted \write18 enabled.
 %&-line parsing enabled.
**Scrum.tex
(./Scrum.tex
LaTeX2e <2021-11-15> patch level 1
L3 programming layer <2022-01-21>
(/usr/share/texlive/texmf-dist/tex/latex/base/article.cls
Document Class: article 2021/10/04 v1.4n Standard LaTeX document class
(/usr/share/texlive/texmf-dist/tex/latex/base/size12.clo
File: size12.clo 2021/10/04 v1.4n Standard LaTeX file (size option)
)
\c@part=\count185
\c@section=\count186
\c@subsection=\count187
\c@subsubsection=\count188
\c@paragraph=\count189
\c@subparagraph=\count190
\c@figure=\count191
\c@table=\count192
\abovecaptionskip=\skip47
\belowcaptionskip=\skip48
\bibindent=\dimen138
)
(/usr/share/texlive/texmf-dist/tex/latex/graphics/graphicx.sty
Package: graphicx 2021/09/16 v1.2d Enhanced LaTeX Graphics (DPC,SPQR)

(/usr/share/texlive/texmf-dist/tex/latex/graphics/keyval.sty
Package: keyval 2014/10/28 v1.15 key=value parser (DPC)
\KV@toks@=\toks16
)
(/usr/share/texlive/texmf-dist/tex/latex/graphics/graphics.sty
Package: graphics 2021/03/04 v1.4d Standard LaTeX Graphics (DPC,SPQR)

(/usr/share/texlive/texmf-dist/tex/latex/graphics/trig.sty
Package: trig 2021/08/11 v1.11 sin cos tan (DPC)
)
(/usr/share/texlive/texmf-dist/tex/latex/graphics-cfg/graphics.cfg
File: graphics.cfg 2016/06/04 v1.11 sample graphics configuration
)
Package graphics Info: Driver file: pdftex.def on input line 107.

(/usr/share/texlive/texmf-dist/tex/latex/graphics-def/pdftex.def
File: pdftex.def 2020/10/05 v1.2a Graphics/color driver for pdftex
))
\Gin@req@height=\dimen139
\Gin@req@width=\dimen140
)
(/usr/share/texlive/texmf-dist/tex/latex/l3backend/l3backend-pdftex.def
File: l3backend-pdftex.def 2022-01-12 L3 backend support: PDF output (pdfTeX)
\l__color_backend_stack_int=\count193
\l__pdf_internal_box=\box50
)
(./Scrum.aux)
\openout1 = `Scrum.aux'.

LaTeX Font Info:    Checking defaults for OML/cmm/m/it on input line 8.
LaTeX Font Info:    ... okay on input line 8.
LaTeX Font Info:    Checking defaults for OMS/cmsy/m/n on input line 8.
LaTeX Font Info:    ... okay on input line 8.
LaTeX Font Info:    Checking defaults for OT1/cmr/m/n on input line 8.
LaTeX Font Info:    ... okay on input line 8.
LaTeX Font Info:    Checking defaults for T1/cmr/m/n on input line 8.
LaTeX Font Info:    ... okay on input line 8.
LaTeX Font Info:    Checking defaults for TS1/cmr/m/n on input line 8.
LaTeX Font Info:    ... okay on input line 8.
LaTeX Font Info:    Checking defaults for OMX/cmex/m/n on input line 8.
LaTeX Font Info:    ... okay on input line 8.
LaTeX Font Info:    Checking defaults for U/cmr/m/n on input line 8.
LaTeX Font Info:    ... okay on input line 8.

(/usr/share/texlive/texmf-dist/tex/context/base/mkii/supp-pdf.mkii
[Loading MPS to PDF converter (version 2006.09.02).]
\scratchcounter=\count194
\scratchdimen=\dimen141
\scratchbox=\box51
\nofMPsegments=\count195
\nofMParguments=\count196
\everyMPshowfont=\toks17
\MPscratchCnt=\count197
\MPscratchDim=\dimen142
\MPnumerator=\count198
\makeMPintoPDFobject=\count199
\everyMPtoPDFconversion=\toks18
) (/usr/share/texlive/texmf-dist/tex/latex/epstopdf-pkg/epstopdf-base.sty
Package: epstopdf-base 2020-01-24 v2.11 Base part for package epstopdf
Package epstopdf-base Info: Redefining graphics rule for `.eps' on input line 4
85.

(/usr/share/texlive/texmf-dist/tex/latex/latexconfig/epstopdf-sys.cfg
File: epstopdf-sys.cfg 2010/07/13 v1.3 Configuration of (r)epstopdf for TeX Liv
e
))
LaTeX Font Info:    External font `cmex10' loaded for size
(Font)              <14.4> on input line 9.
LaTeX Font Info:    External font `cmex10' loaded for size
(Font)              <7> on input line 9.
LaTeX Font Info:    External font `cmex10' loaded for size
(Font)              <5> on input line 9.

(./Scrum.toc
LaTeX Font Info:    External font `cmex10' loaded for size
(Font)              <12> on input line 2.
LaTeX Font Info:    External font `cmex10' loaded for size
(Font)              <8> on input line 2.
LaTeX Font Info:    External font `cmex10' loaded for size
(Font)              <6> on input line 2.
)
\tf@toc=\write3
\openout3 = `Scrum.toc'.

 [1

{/var/lib/texmf/fonts/map/pdftex/updmap/pdftex.map}]
<imagenes/cascada.png, id=12, 621.32124pt x 119.44624pt>
File: imagenes/cascada.png Graphic file (type png)
<use imagenes/cascada.png>
Package pdftex.def Info: imagenes/cascada.png  used on input line 31.
(pdftex.def)             Requested size: 312.00119pt x 59.97995pt.
<imagenes/manifiesto_agil.png, id=14, 542.025pt x 159.59625pt>
File: imagenes/manifiesto_agil.png Graphic file (type png)
<use imagenes/manifiesto_agil.png>
Package pdftex.def Info: imagenes/manifiesto_agil.png  used on input line 55.
(pdftex.def)             Requested size: 312.00119pt x 91.8694pt.
 [2 <./imagenes/cascada.png> <./imagenes/manifiesto_agil.png>]
<imagenes/principios.png, id=20, 589.20125pt x 239.89626pt>
File: imagenes/principios.png Graphic file (type png)
<use imagenes/principios.png>
Package pdftex.def Info: imagenes/principios.png  used on input line 120.
(pdftex.def)             Requested size: 312.00119pt x 127.03458pt.
 [3]
<imagenes/scrum.png, id=25, 445.665pt x 312.41719pt>
File: imagenes/scrum.png Graphic file (type png)
<use imagenes/scrum.png>
Package pdftex.def Info: imagenes/scrum.png  used on input line 148.
(pdftex.def)             Requested size: 234.00238pt x 164.04054pt.
 [4 <./imagenes/principios.png> <./imagenes/scrum.png>]
Overfull \hbox (0.32669pt too wide) in paragraph at lines 196--198
[]\OT1/cmr/m/n/12 Dar ser-vi-cio al Prod-uct Owner: ayu-dando a en-con-trar t^^
Secnicas
 []


Overfull \hbox (1.46231pt too wide) in paragraph at lines 203--206
\OT1/cmr/m/n/12 bajo para en-tre-gar el in-cre-mento del pro-ducto. Son aut^^So
nomos
 []

[5]
Overfull \hbox (4.01692pt too wide) in paragraph at lines 245--248
\OT1/cmr/m/n/12 senta el in-cre-mento del pro-ducto com-ple-tado al Prod-uct Ow
ner
 []

[6]
Overfull \hbox (3.82109pt too wide) in paragraph at lines 294--298
[]\OT1/cmr/m/n/12 Es el re-sul-tado tan-gi-ble del tra-bajo re-al-izado du-rant
e un sprint.
 []

[7] [8] (./Scrum.aux) ) 
Here is how much of TeX's memory you used:
 1333 strings out of 480247
 21732 string characters out of 5896151
 311839 words of memory out of 5000000
 19303 multiletter control sequences out of 15000+600000
 475438 words of font info for 48 fonts, out of 8000000 for 9000
 14 hyphenation exceptions out of 8191
 55i,11n,62p,237b,316s stack positions out of 5000i,500n,10000p,200000b,80000s
 </home/agustin/.texlive2021/texmf-var/fonts/pk/ljfour/j
knappen/ec/tcrm1200.600pk> </home/agustin/.texlive2021/texmf-var/fonts/pk/ljfou
r/jknappen/ec/tcrm0700.600pk> </home/agustin/.texlive2021/texmf-var/fonts/pk/lj
four/jknappen/ec/tcrm1000.600pk></usr/share/texlive/texmf-dist/fonts/type1/publ
ic/amsfonts/cm/cmbx12.pfb></usr/share/texlive/texmf-dist/fonts/type1/public/ams
fonts/cm/cmr10.pfb></usr/share/texlive/texmf-dist/fonts/type1/public/amsfonts/c
m/cmr12.pfb></usr/share/texlive/texmf-dist/fonts/type1/public/amsfonts/cm/cmr17
.pfb>
Output written on Scrum.pdf (8 pages, 286407 bytes).
PDF statistics:
 75 PDF objects out of 1000 (max. 8388607)
 45 compressed objects within 1 object stream
 0 named destinations out of 1000 (max. 500000)
 21 words of extra memory for PDF output out of 10000 (max. 10000000)

